# JRE version: OpenJDK Runtime Environment (17.0.6) (build 17.0.6+0-b2043.56-10027231)
# Java VM: OpenJDK 64-Bit Server VM (17.0.6+0-b2043.56-10027231, mixed mode, tiered, compressed oops, compressed class ptrs, g1 gc, windows-amd64)
GC Precious Log:
 CPUs: 4 total, 4 available
 Memory: 16339M
 Large Page Support: Disabled
 NUMA Support: Disabled
 Compressed Oops: Enabled (32-bit)
 Heap Region Size: 1M
 Heap Min Capacity: 8M
 Heap Initial Capacity: 256M
 Heap Max Capacity: 2G
 Pre-touch: Disabled
 Parallel Workers: 4
 Concurrent Workers: 1
 Concurrent Refinement Workers: 4
 Periodic GC: Disabled
Heap:
 garbage-first heap   total 332800K, used 146921K [0x0000000080000000, 0x0000000100000000)
  region size 1024K, 1 young (1024K), 1 survivors (1024K)
 Metaspace       used 145254K, committed 146304K, reserved 1179648K
  class space    used 19336K, committed 19840K, reserved 1048576K
GC Heap History (20 events):
Event: 1732.901 GC heap after
{Heap after GC invocations=47 (full 0):
 garbage-first heap   total 332800K, used 154114K [0x0000000080000000, 0x0000000100000000)
  region size 1024K, 2 young (2048K), 2 survivors (2048K)
 Metaspace       used 136752K, committed 137792K, reserved 1171456K
  class space    used 18446K, committed 18944K, reserved 1048576K
}
Event: 1733.260 GC heap before
{Heap before GC invocations=47 (full 0):
 garbage-first heap   total 332800K, used 180738K [0x0000000080000000, 0x0000000100000000)
  region size 1024K, 29 young (29696K), 2 survivors (2048K)
 Metaspace       used 136841K, committed 137920K, reserved 1171456K
  class space    used 18449K, committed 18944K, reserved 1048576K
}
Event: 1733.262 GC heap after
{Heap after GC invocations=48 (full 0):
 garbage-first heap   total 332800K, used 154702K [0x0000000080000000, 0x0000000100000000)
  region size 1024K, 3 young (3072K), 3 survivors (3072K)
 Metaspace       used 136841K, committed 137920K, reserved 1171456K
  class space    used 18449K, committed 18944K, reserved 1048576K
}
Event: 1849.880 GC heap before
{Heap before GC invocations=49 (full 0):
 garbage-first heap   total 332800K, used 279630K [0x0000000080000000, 0x0000000100000000)
  region size 1024K, 111 young (113664K), 3 survivors (3072K)
 Metaspace       used 137108K, committed 138112K, reserved 1171456K
  class space    used 18456K, committed 18944K, reserved 1048576K
}
Event: 1849.893 GC heap after
{Heap after GC invocations=50 (full 0):
 garbage-first heap   total 332800K, used 169984K [0x0000000080000000, 0x0000000100000000)
  region size 1024K, 14 young (14336K), 14 survivors (14336K)
 Metaspace       used 137108K, committed 138112K, reserved 1171456K
  class space    used 18456K, committed 18944K, reserved 1048576K
}
Event: 1849.898 GC heap before
{Heap before GC invocations=50 (full 0):
 garbage-first heap   total 332800K, used 172032K [0x0000000080000000, 0x0000000100000000)
  region size 1024K, 16 young (16384K), 14 survivors (14336K)
 Metaspace       used 137108K, committed 138112K, reserved 1171456K
  class space    used 18456K, committed 18944K, reserved 1048576K
}
Event: 1849.912 GC heap after
{Heap after GC invocations=51 (full 0):
 garbage-first heap   total 332800K, used 155754K [0x0000000080000000, 0x0000000100000000)
  region size 1024K, 1 young (1024K), 1 survivors (1024K)
 Metaspace       used 137108K, committed 138112K, reserved 1171456K
  class space    used 18456K, committed 18944K, reserved 1048576K
}
Event: 1850.289 GC heap before
{Heap before GC invocations=51 (full 0):
 garbage-first heap   total 332800K, used 184426K [0x0000000080000000, 0x0000000100000000)
  region size 1024K, 31 young (31744K), 1 survivors (1024K)
 Metaspace       used 137218K, committed 138304K, reserved 1171456K
  class space    used 18458K, committed 19008K, reserved 1048576K
}
Event: 1850.292 GC heap after
{Heap after GC invocations=52 (full 0):
 garbage-first heap   total 332800K, used 157171K [0x0000000080000000, 0x0000000100000000)
  region size 1024K, 3 young (3072K), 3 survivors (3072K)
 Metaspace       used 137218K, committed 138304K, reserved 1171456K
  class space    used 18458K, committed 19008K, reserved 1048576K
}
Event: 1981.168 GC heap before
{Heap before GC invocations=53 (full 0):
 garbage-first heap   total 332800K, used 281075K [0x0000000080000000, 0x0000000100000000)
  region size 1024K, 111 young (113664K), 3 survivors (3072K)
 Metaspace       used 139916K, committed 140992K, reserved 1171456K
  class space    used 18775K, committed 19264K, reserved 1048576K
}
Event: 1981.186 GC heap after
{Heap after GC invocations=54 (full 0):
 garbage-first heap   total 332800K, used 180517K [0x0000000080000000, 0x0000000100000000)
  region size 1024K, 14 young (14336K), 14 survivors (14336K)
 Metaspace       used 139916K, committed 140992K, reserved 1171456K
  class space    used 18775K, committed 19264K, reserved 1048576K
}
Event: 1981.195 GC heap before
{Heap before GC invocations=54 (full 0):
 garbage-first heap   total 332800K, used 182565K [0x0000000080000000, 0x0000000100000000)
  region size 1024K, 16 young (16384K), 14 survivors (14336K)
 Metaspace       used 139916K, committed 140992K, reserved 1171456K
  class space    used 18775K, committed 19264K, reserved 1048576K
}
Event: 1981.215 GC heap after
{Heap after GC invocations=55 (full 0):
 garbage-first heap   total 332800K, used 167366K [0x0000000080000000, 0x0000000100000000)
  region size 1024K, 2 young (2048K), 2 survivors (2048K)
 Metaspace       used 139916K, committed 140992K, reserved 1171456K
  class space    used 18775K, committed 19264K, reserved 1048576K
}
Event: 1981.517 GC heap before
{Heap before GC invocations=55 (full 0):
 garbage-first heap   total 332800K, used 183750K [0x0000000080000000, 0x0000000100000000)
  region size 1024K, 20 young (20480K), 2 survivors (2048K)
 Metaspace       used 140171K, committed 141248K, reserved 1171456K
  class space    used 18795K, committed 19328K, reserved 1048576K
}
Event: 1981.528 GC heap after
{Heap after GC invocations=56 (full 0):
 garbage-first heap   total 332800K, used 174469K [0x0000000080000000, 0x0000000100000000)
  region size 1024K, 9 young (9216K), 9 survivors (9216K)
 Metaspace       used 140171K, committed 141248K, reserved 1171456K
  class space    used 18795K, committed 19328K, reserved 1048576K
}
Event: 1983.523 GC heap before
{Heap before GC invocations=57 (full 0):
 garbage-first heap   total 332800K, used 271749K [0x0000000080000000, 0x0000000100000000)
  region size 1024K, 90 young (92160K), 9 survivors (9216K)
 Metaspace       used 145123K, committed 146112K, reserved 1179648K
  class space    used 19328K, committed 19840K, reserved 1048576K
}
Event: 1983.537 GC heap after
{Heap after GC invocations=58 (full 0):
 garbage-first heap   total 332800K, used 175704K [0x0000000080000000, 0x0000000100000000)
  region size 1024K, 9 young (9216K), 9 survivors (9216K)
 Metaspace       used 145123K, committed 146112K, reserved 1179648K
  class space    used 19328K, committed 19840K, reserved 1048576K
}
Event: 1983.612 GC heap before
{Heap before GC invocations=58 (full 0):
 garbage-first heap   total 332800K, used 181848K [0x0000000080000000, 0x0000000100000000)
  region size 1024K, 16 young (16384K), 9 survivors (9216K)
 Metaspace       used 145165K, committed 146176K, reserved 1179648K
  class space    used 19329K, committed 19840K, reserved 1048576K
}
Event: 1983.637 GC heap after
{Heap after GC invocations=59 (full 0):
 garbage-first heap   total 332800K, used 148480K [0x0000000080000000, 0x0000000100000000)
  region size 1024K, 1 young (1024K), 1 survivors (1024K)
 Metaspace       used 145165K, committed 146176K, reserved 1179648K
  class space    used 19329K, committed 19840K, reserved 1048576K
}
Event: 1986.318 GC heap before
{Heap before GC invocations=59 (full 0):
 garbage-first heap   total 332800K, used 162816K [0x0000000080000000, 0x0000000100000000)
  region size 1024K, 16 young (16384K), 1 survivors (1024K)
 Metaspace       used 145254K, committed 146304K, reserved 1179648K
  class space    used 19336K, committed 19840K, reserved 1048576K
}

